0 info it worked if it ends with ok
1 verbose cli [ 'C:\\Program Files\\nodejs\\node.exe',
1 verbose cli   'C:\\Program Files\\nodejs\\node_modules\\npm\\bin\\npm-cli.js',
1 verbose cli   'i' ]
2 info using npm@3.10.10
3 info using node@v6.11.0
4 silly loadCurrentTree Starting
5 silly install loadCurrentTree
6 silly install readLocalPackageData
7 silly install normalizeTree
8 silly loadCurrentTree Finishing
9 silly loadIdealTree Starting
10 silly install loadIdealTree
11 silly cloneCurrentTree Starting
12 silly install cloneCurrentTreeToIdealTree
13 silly cloneCurrentTree Finishing
14 silly loadShrinkwrap Starting
15 silly install loadShrinkwrap
16 silly loadShrinkwrap Finishing
17 silly loadAllDepsIntoIdealTree Starting
18 silly install loadAllDepsIntoIdealTree
19 silly fetchNamedPackageData formidable
20 silly mapToRegistry name formidable
21 silly mapToRegistry using default registry
22 silly mapToRegistry registry https://registry.npmjs.org/
23 silly mapToRegistry data Result {
23 silly mapToRegistry   raw: 'formidable',
23 silly mapToRegistry   scope: null,
23 silly mapToRegistry   escapedName: 'formidable',
23 silly mapToRegistry   name: 'formidable',
23 silly mapToRegistry   rawSpec: '',
23 silly mapToRegistry   spec: 'latest',
23 silly mapToRegistry   type: 'tag' }
24 silly mapToRegistry uri https://registry.npmjs.org/formidable
25 silly fetchNamedPackageData fs
26 silly mapToRegistry name fs
27 silly mapToRegistry using default registry
28 silly mapToRegistry registry https://registry.npmjs.org/
29 silly mapToRegistry data Result {
29 silly mapToRegistry   raw: 'fs',
29 silly mapToRegistry   scope: null,
29 silly mapToRegistry   escapedName: 'fs',
29 silly mapToRegistry   name: 'fs',
29 silly mapToRegistry   rawSpec: '',
29 silly mapToRegistry   spec: 'latest',
29 silly mapToRegistry   type: 'tag' }
30 silly mapToRegistry uri https://registry.npmjs.org/fs
31 verbose request uri https://registry.npmjs.org/formidable
32 verbose request no auth needed
33 info attempt registry request try #1 at 16:07:09
34 verbose request id a5fed34ed25a6046
35 http request GET https://registry.npmjs.org/formidable
36 verbose request uri https://registry.npmjs.org/fs
37 verbose request no auth needed
38 info attempt registry request try #1 at 16:07:09
39 http request GET https://registry.npmjs.org/fs
40 info retry will retry, error on last attempt: Error: getaddrinfo ENOENT registry.npmjs.org:443
41 info retry will retry, error on last attempt: Error: getaddrinfo ENOENT registry.npmjs.org:443
42 info attempt registry request try #2 at 16:07:19
43 http request GET https://registry.npmjs.org/formidable
44 info attempt registry request try #2 at 16:07:19
45 http request GET https://registry.npmjs.org/fs
46 info retry will retry, error on last attempt: Error: getaddrinfo ENOENT registry.npmjs.org:443
47 info retry will retry, error on last attempt: Error: getaddrinfo ENOENT registry.npmjs.org:443
48 info attempt registry request try #3 at 16:08:19
49 http request GET https://registry.npmjs.org/formidable
50 info attempt registry request try #3 at 16:08:19
51 http request GET https://registry.npmjs.org/fs
52 silly fetchPackageMetaData Error: getaddrinfo ENOENT registry.npmjs.org:443
52 silly fetchPackageMetaData     at Object.exports._errnoException (util.js:1018:11)
52 silly fetchPackageMetaData     at errnoException (dns.js:33:15)
52 silly fetchPackageMetaData     at GetAddrInfoReqWrap.onlookup [as oncomplete] (dns.js:76:26)
52 silly fetchPackageMetaData  error for formidable@latest { Error: getaddrinfo ENOENT registry.npmjs.org:443
52 silly fetchPackageMetaData     at Object.exports._errnoException (util.js:1018:11)
52 silly fetchPackageMetaData     at errnoException (dns.js:33:15)
52 silly fetchPackageMetaData     at GetAddrInfoReqWrap.onlookup [as oncomplete] (dns.js:76:26)
52 silly fetchPackageMetaData   code: 'ENOENT',
52 silly fetchPackageMetaData   errno: 'ENOENT',
52 silly fetchPackageMetaData   syscall: 'getaddrinfo',
52 silly fetchPackageMetaData   hostname: 'registry.npmjs.org',
52 silly fetchPackageMetaData   host: 'registry.npmjs.org',
52 silly fetchPackageMetaData   port: 443 }
53 silly fetchPackageMetaData Error: getaddrinfo ENOENT registry.npmjs.org:443
53 silly fetchPackageMetaData     at Object.exports._errnoException (util.js:1018:11)
53 silly fetchPackageMetaData     at errnoException (dns.js:33:15)
53 silly fetchPackageMetaData     at GetAddrInfoReqWrap.onlookup [as oncomplete] (dns.js:76:26)
53 silly fetchPackageMetaData  error for fs@latest { Error: getaddrinfo ENOENT registry.npmjs.org:443
53 silly fetchPackageMetaData     at Object.exports._errnoException (util.js:1018:11)
53 silly fetchPackageMetaData     at errnoException (dns.js:33:15)
53 silly fetchPackageMetaData     at GetAddrInfoReqWrap.onlookup [as oncomplete] (dns.js:76:26)
53 silly fetchPackageMetaData   code: 'ENOENT',
53 silly fetchPackageMetaData   errno: 'ENOENT',
53 silly fetchPackageMetaData   syscall: 'getaddrinfo',
53 silly fetchPackageMetaData   hostname: 'registry.npmjs.org',
53 silly fetchPackageMetaData   host: 'registry.npmjs.org',
53 silly fetchPackageMetaData   port: 443 }
54 silly rollbackFailedOptional Starting
55 silly rollbackFailedOptional Finishing
56 silly runTopLevelLifecycles Finishing
57 silly install printInstalled
58 verbose stack Error: getaddrinfo ENOENT registry.npmjs.org:443
58 verbose stack     at Object.exports._errnoException (util.js:1018:11)
58 verbose stack     at errnoException (dns.js:33:15)
58 verbose stack     at GetAddrInfoReqWrap.onlookup [as oncomplete] (dns.js:76:26)
59 verbose cwd C:\wamp\www\React\express\app
60 error Windows_NT 10.0.14393
61 error argv "C:\\Program Files\\nodejs\\node.exe" "C:\\Program Files\\nodejs\\node_modules\\npm\\bin\\npm-cli.js" "i"
62 error node v6.11.0
63 error npm  v3.10.10
64 error code ENOENT
65 error errno ENOENT
66 error syscall getaddrinfo
67 error enoent getaddrinfo ENOENT registry.npmjs.org:443
68 error enoent getaddrinfo ENOENT registry.npmjs.org:443
68 error enoent This is most likely not a problem with npm itself
68 error enoent and is related to npm not being able to find a file.
69 verbose exit [ 1, true ]
